{"C:\\Users\\admin\\Desktop\\academy\\Melody\\1097563-guess-melody-4\\src\\const.js": {"path":"C:\\Users\\admin\\Desktop\\academy\\Melody\\1097563-guess-melody-4\\src\\const.js","statementMap":{"0":{"start":{"line":1,"column":24},"end":{"line":4,"column":1}}},"fnMap":{},"branchMap":{},"s":{"0":6},"f":{},"b":{},"_coverageSchema":"1a1c01bbd47fc00a2c39e90264f33305004495a9","hash":"75ba23841233374c9b7268311d1fceff797f18b0"}
,"C:\\Users\\admin\\Desktop\\academy\\Melody\\1097563-guess-melody-4\\src\\components\\app\\app.jsx": {"path":"C:\\Users\\admin\\Desktop\\academy\\Melody\\1097563-guess-melody-4\\src\\components\\app\\app.jsx","statementMap":{"0":{"start":{"line":11,"column":35},"end":{"line":11,"column":71}},"1":{"start":{"line":12,"column":36},"end":{"line":12,"column":73}},"2":{"start":{"line":16,"column":4},"end":{"line":16,"column":17}},"3":{"start":{"line":18,"column":4},"end":{"line":20,"column":6}},"4":{"start":{"line":24,"column":37},"end":{"line":24,"column":47}},"5":{"start":{"line":25,"column":19},"end":{"line":25,"column":29}},"6":{"start":{"line":26,"column":21},"end":{"line":26,"column":36}},"7":{"start":{"line":28,"column":4},"end":{"line":39,"column":5}},"8":{"start":{"line":29,"column":6},"end":{"line":38,"column":8}},"9":{"start":{"line":33,"column":12},"end":{"line":35,"column":15}},"10":{"start":{"line":41,"column":4},"end":{"line":75,"column":5}},"11":{"start":{"line":42,"column":6},"end":{"line":74,"column":7}},"12":{"start":{"line":44,"column":10},"end":{"line":57,"column":12}},"13":{"start":{"line":51,"column":18},"end":{"line":53,"column":22}},"14":{"start":{"line":51,"column":48},"end":{"line":53,"column":19}},"15":{"start":{"line":60,"column":10},"end":{"line":73,"column":12}},"16":{"start":{"line":67,"column":18},"end":{"line":69,"column":22}},"17":{"start":{"line":67,"column":48},"end":{"line":69,"column":19}},"18":{"start":{"line":77,"column":4},"end":{"line":77,"column":16}},"19":{"start":{"line":81,"column":24},"end":{"line":81,"column":34}},"20":{"start":{"line":83,"column":4},"end":{"line":103,"column":6}},"21":{"start":{"line":107,"column":0},"end":{"line":110,"column":2}}},"fnMap":{"0":{"name":"(anonymous_0)","decl":{"start":{"line":15,"column":2},"end":{"line":15,"column":3}},"loc":{"start":{"line":15,"column":21},"end":{"line":21,"column":3}},"line":15},"1":{"name":"(anonymous_1)","decl":{"start":{"line":23,"column":2},"end":{"line":23,"column":3}},"loc":{"start":{"line":23,"column":22},"end":{"line":78,"column":3}},"line":23},"2":{"name":"(anonymous_2)","decl":{"start":{"line":32,"column":32},"end":{"line":32,"column":33}},"loc":{"start":{"line":32,"column":38},"end":{"line":36,"column":11}},"line":32},"3":{"name":"(anonymous_3)","decl":{"start":{"line":50,"column":26},"end":{"line":50,"column":27}},"loc":{"start":{"line":50,"column":32},"end":{"line":54,"column":17}},"line":50},"4":{"name":"(anonymous_4)","decl":{"start":{"line":51,"column":32},"end":{"line":51,"column":33}},"loc":{"start":{"line":51,"column":48},"end":{"line":53,"column":19}},"line":51},"5":{"name":"(anonymous_5)","decl":{"start":{"line":66,"column":26},"end":{"line":66,"column":27}},"loc":{"start":{"line":66,"column":32},"end":{"line":70,"column":17}},"line":66},"6":{"name":"(anonymous_6)","decl":{"start":{"line":67,"column":32},"end":{"line":67,"column":33}},"loc":{"start":{"line":67,"column":48},"end":{"line":69,"column":19}},"line":67},"7":{"name":"(anonymous_7)","decl":{"start":{"line":80,"column":2},"end":{"line":80,"column":3}},"loc":{"start":{"line":80,"column":11},"end":{"line":104,"column":3}},"line":80},"8":{"name":"(anonymous_8)","decl":{"start":{"line":92,"column":24},"end":{"line":92,"column":25}},"loc":{"start":{"line":92,"column":30},"end":{"line":92,"column":32}},"line":92},"9":{"name":"(anonymous_9)","decl":{"start":{"line":98,"column":24},"end":{"line":98,"column":25}},"loc":{"start":{"line":98,"column":29},"end":{"line":98,"column":31}},"line":98}},"branchMap":{"0":{"loc":{"start":{"line":28,"column":4},"end":{"line":39,"column":5}},"type":"if","locations":[{"start":{"line":28,"column":4},"end":{"line":39,"column":5}},{"start":{"line":28,"column":4},"end":{"line":39,"column":5}}],"line":28},"1":{"loc":{"start":{"line":28,"column":8},"end":{"line":28,"column":47}},"type":"binary-expr","locations":[{"start":{"line":28,"column":8},"end":{"line":28,"column":19}},{"start":{"line":28,"column":23},"end":{"line":28,"column":47}}],"line":28},"2":{"loc":{"start":{"line":41,"column":4},"end":{"line":75,"column":5}},"type":"if","locations":[{"start":{"line":41,"column":4},"end":{"line":75,"column":5}},{"start":{"line":41,"column":4},"end":{"line":75,"column":5}}],"line":41},"3":{"loc":{"start":{"line":42,"column":6},"end":{"line":74,"column":7}},"type":"switch","locations":[{"start":{"line":43,"column":8},"end":{"line":57,"column":12}},{"start":{"line":59,"column":8},"end":{"line":73,"column":12}}],"line":42}},"s":{"0":1,"1":1,"2":1,"3":1,"4":1,"5":1,"6":1,"7":1,"8":1,"9":0,"10":0,"11":0,"12":0,"13":0,"14":0,"15":0,"16":0,"17":0,"18":0,"19":1,"20":1,"21":1},"f":{"0":1,"1":1,"2":0,"3":0,"4":0,"5":0,"6":0,"7":1,"8":0,"9":0},"b":{"0":[1,0],"1":[1,0],"2":[0,0],"3":[0,0]},"_coverageSchema":"1a1c01bbd47fc00a2c39e90264f33305004495a9","hash":"dc968a1259702def7ef718a0d75b2f967820799c"}
,"C:\\Users\\admin\\Desktop\\academy\\Melody\\1097563-guess-melody-4\\src\\components\\artist-question-screen\\artist-question-screen.jsx": {"path":"C:\\Users\\admin\\Desktop\\academy\\Melody\\1097563-guess-melody-4\\src\\components\\artist-question-screen\\artist-question-screen.jsx","statementMap":{"0":{"start":{"line":5,"column":29},"end":{"line":39,"column":1}},"1":{"start":{"line":6,"column":45},"end":{"line":6,"column":50}},"2":{"start":{"line":10,"column":6},"end":{"line":10,"column":14}},"3":{"start":{"line":12,"column":2},"end":{"line":38,"column":4}},"4":{"start":{"line":23,"column":10},"end":{"line":34,"column":16}},"5":{"start":{"line":26,"column":16},"end":{"line":26,"column":37}},"6":{"start":{"line":27,"column":16},"end":{"line":27,"column":43}},"7":{"start":{"line":42,"column":0},"end":{"line":56,"column":2}}},"fnMap":{"0":{"name":"(anonymous_0)","decl":{"start":{"line":5,"column":29},"end":{"line":5,"column":30}},"loc":{"start":{"line":5,"column":40},"end":{"line":39,"column":1}},"line":5},"1":{"name":"(anonymous_1)","decl":{"start":{"line":22,"column":21},"end":{"line":22,"column":22}},"loc":{"start":{"line":23,"column":10},"end":{"line":34,"column":16}},"line":23},"2":{"name":"(anonymous_2)","decl":{"start":{"line":25,"column":24},"end":{"line":25,"column":25}},"loc":{"start":{"line":25,"column":33},"end":{"line":28,"column":15}},"line":25}},"branchMap":{},"s":{"0":3,"1":2,"2":2,"3":2,"4":6,"5":1,"6":1,"7":3},"f":{"0":2,"1":6,"2":1},"b":{},"_coverageSchema":"1a1c01bbd47fc00a2c39e90264f33305004495a9","hash":"71168621f7ca947ccc5c6e120fd87f0f6d50f9ac"}
,"C:\\Users\\admin\\Desktop\\academy\\Melody\\1097563-guess-melody-4\\src\\components\\audio-player\\audio-player.jsx": {"path":"C:\\Users\\admin\\Desktop\\academy\\Melody\\1097563-guess-melody-4\\src\\components\\audio-player\\audio-player.jsx","statementMap":{"0":{"start":{"line":6,"column":4},"end":{"line":6,"column":17}},"1":{"start":{"line":8,"column":4},"end":{"line":8,"column":33}},"2":{"start":{"line":10,"column":4},"end":{"line":14,"column":6}},"3":{"start":{"line":18,"column":18},"end":{"line":18,"column":28}},"4":{"start":{"line":19,"column":18},"end":{"line":19,"column":40}},"5":{"start":{"line":21,"column":4},"end":{"line":21,"column":20}},"6":{"start":{"line":23,"column":4},"end":{"line":27,"column":6}},"7":{"start":{"line":24,"column":6},"end":{"line":26,"column":9}},"8":{"start":{"line":29,"column":4},"end":{"line":33,"column":6}},"9":{"start":{"line":30,"column":6},"end":{"line":32,"column":9}},"10":{"start":{"line":35,"column":4},"end":{"line":39,"column":6}},"11":{"start":{"line":36,"column":6},"end":{"line":38,"column":9}},"12":{"start":{"line":41,"column":4},"end":{"line":45,"column":6}},"13":{"start":{"line":42,"column":6},"end":{"line":44,"column":9}},"14":{"start":{"line":49,"column":18},"end":{"line":49,"column":40}},"15":{"start":{"line":51,"column":4},"end":{"line":51,"column":34}},"16":{"start":{"line":52,"column":4},"end":{"line":52,"column":24}},"17":{"start":{"line":53,"column":4},"end":{"line":53,"column":25}},"18":{"start":{"line":54,"column":4},"end":{"line":54,"column":30}},"19":{"start":{"line":55,"column":4},"end":{"line":55,"column":19}},"20":{"start":{"line":59,"column":35},"end":{"line":59,"column":45}},"21":{"start":{"line":60,"column":32},"end":{"line":60,"column":42}},"22":{"start":{"line":62,"column":4},"end":{"line":79,"column":6}},"23":{"start":{"line":69,"column":12},"end":{"line":69,"column":62}},"24":{"start":{"line":70,"column":12},"end":{"line":70,"column":32}},"25":{"start":{"line":83,"column":18},"end":{"line":83,"column":40}},"26":{"start":{"line":85,"column":4},"end":{"line":89,"column":5}},"27":{"start":{"line":86,"column":6},"end":{"line":86,"column":19}},"28":{"start":{"line":88,"column":6},"end":{"line":88,"column":20}},"29":{"start":{"line":93,"column":0},"end":{"line":97,"column":2}}},"fnMap":{"0":{"name":"(anonymous_0)","decl":{"start":{"line":5,"column":2},"end":{"line":5,"column":3}},"loc":{"start":{"line":5,"column":21},"end":{"line":15,"column":3}},"line":5},"1":{"name":"(anonymous_1)","decl":{"start":{"line":17,"column":2},"end":{"line":17,"column":3}},"loc":{"start":{"line":17,"column":22},"end":{"line":46,"column":3}},"line":17},"2":{"name":"(anonymous_2)","decl":{"start":{"line":23,"column":29},"end":{"line":23,"column":30}},"loc":{"start":{"line":23,"column":35},"end":{"line":27,"column":5}},"line":23},"3":{"name":"(anonymous_3)","decl":{"start":{"line":29,"column":19},"end":{"line":29,"column":20}},"loc":{"start":{"line":29,"column":25},"end":{"line":33,"column":5}},"line":29},"4":{"name":"(anonymous_4)","decl":{"start":{"line":35,"column":20},"end":{"line":35,"column":21}},"loc":{"start":{"line":35,"column":26},"end":{"line":39,"column":5}},"line":35},"5":{"name":"(anonymous_5)","decl":{"start":{"line":41,"column":25},"end":{"line":41,"column":26}},"loc":{"start":{"line":41,"column":31},"end":{"line":45,"column":5}},"line":41},"6":{"name":"(anonymous_6)","decl":{"start":{"line":48,"column":2},"end":{"line":48,"column":3}},"loc":{"start":{"line":48,"column":25},"end":{"line":56,"column":3}},"line":48},"7":{"name":"(anonymous_7)","decl":{"start":{"line":58,"column":2},"end":{"line":58,"column":3}},"loc":{"start":{"line":58,"column":11},"end":{"line":80,"column":3}},"line":58},"8":{"name":"(anonymous_8)","decl":{"start":{"line":68,"column":19},"end":{"line":68,"column":20}},"loc":{"start":{"line":68,"column":25},"end":{"line":71,"column":11}},"line":68},"9":{"name":"(anonymous_9)","decl":{"start":{"line":82,"column":2},"end":{"line":82,"column":3}},"loc":{"start":{"line":82,"column":23},"end":{"line":90,"column":3}},"line":82}},"branchMap":{"0":{"loc":{"start":{"line":65,"column":53},"end":{"line":65,"column":81}},"type":"cond-expr","locations":[{"start":{"line":65,"column":65},"end":{"line":65,"column":72}},{"start":{"line":65,"column":75},"end":{"line":65,"column":81}}],"line":65},"1":{"loc":{"start":{"line":85,"column":4},"end":{"line":89,"column":5}},"type":"if","locations":[{"start":{"line":85,"column":4},"end":{"line":89,"column":5}},{"start":{"line":85,"column":4},"end":{"line":89,"column":5}}],"line":85}},"s":{"0":1,"1":1,"2":1,"3":1,"4":1,"5":1,"6":1,"7":0,"8":1,"9":0,"10":1,"11":0,"12":1,"13":0,"14":0,"15":0,"16":0,"17":0,"18":0,"19":0,"20":1,"21":1,"22":1,"23":0,"24":0,"25":0,"26":0,"27":0,"28":0,"29":2},"f":{"0":1,"1":1,"2":0,"3":0,"4":0,"5":0,"6":0,"7":1,"8":0,"9":0},"b":{"0":[0,1],"1":[0,0]},"_coverageSchema":"1a1c01bbd47fc00a2c39e90264f33305004495a9","hash":"b3b7b9a18f38aad57eb8fc6e8b0a7afdf4eb904c"}
,"C:\\Users\\admin\\Desktop\\academy\\Melody\\1097563-guess-melody-4\\src\\components\\game-screen\\game-screen.jsx": {"path":"C:\\Users\\admin\\Desktop\\academy\\Melody\\1097563-guess-melody-4\\src\\components\\game-screen\\game-screen.jsx","statementMap":{"0":{"start":{"line":5,"column":19},"end":{"line":34,"column":1}},"1":{"start":{"line":9,"column":6},"end":{"line":9,"column":11}},"2":{"start":{"line":11,"column":2},"end":{"line":33,"column":4}},"3":{"start":{"line":36,"column":0},"end":{"line":42,"column":2}}},"fnMap":{"0":{"name":"(anonymous_0)","decl":{"start":{"line":5,"column":19},"end":{"line":5,"column":20}},"loc":{"start":{"line":5,"column":30},"end":{"line":34,"column":1}},"line":5}},"branchMap":{},"s":{"0":2,"1":2,"2":2,"3":2},"f":{"0":2},"b":{},"_coverageSchema":"1a1c01bbd47fc00a2c39e90264f33305004495a9","hash":"3668ce3afb02f436e634062644384eda2ec8b85b"}
,"C:\\Users\\admin\\Desktop\\academy\\Melody\\1097563-guess-melody-4\\src\\components\\genre-question-screen\\genre-question-screen.jsx": {"path":"C:\\Users\\admin\\Desktop\\academy\\Melody\\1097563-guess-melody-4\\src\\components\\genre-question-screen\\genre-question-screen.jsx","statementMap":{"0":{"start":{"line":7,"column":4},"end":{"line":7,"column":17}},"1":{"start":{"line":9,"column":4},"end":{"line":11,"column":6}},"2":{"start":{"line":15,"column":47},"end":{"line":15,"column":57}},"3":{"start":{"line":16,"column":35},"end":{"line":16,"column":45}},"4":{"start":{"line":20,"column":8},"end":{"line":20,"column":16}},"5":{"start":{"line":22,"column":4},"end":{"line":55,"column":6}},"6":{"start":{"line":28,"column":12},"end":{"line":28,"column":33}},"7":{"start":{"line":29,"column":12},"end":{"line":29,"column":51}},"8":{"start":{"line":33,"column":12},"end":{"line":49,"column":18}},"9":{"start":{"line":40,"column":34},"end":{"line":40,"column":52}},"10":{"start":{"line":42,"column":20},"end":{"line":44,"column":23}},"11":{"start":{"line":59,"column":0},"end":{"line":70,"column":2}}},"fnMap":{"0":{"name":"(anonymous_0)","decl":{"start":{"line":6,"column":2},"end":{"line":6,"column":3}},"loc":{"start":{"line":6,"column":21},"end":{"line":12,"column":3}},"line":6},"1":{"name":"(anonymous_1)","decl":{"start":{"line":14,"column":2},"end":{"line":14,"column":3}},"loc":{"start":{"line":14,"column":11},"end":{"line":56,"column":3}},"line":14},"2":{"name":"(anonymous_2)","decl":{"start":{"line":27,"column":20},"end":{"line":27,"column":21}},"loc":{"start":{"line":27,"column":29},"end":{"line":30,"column":11}},"line":27},"3":{"name":"(anonymous_3)","decl":{"start":{"line":32,"column":23},"end":{"line":32,"column":24}},"loc":{"start":{"line":33,"column":12},"end":{"line":49,"column":18}},"line":33},"4":{"name":"(anonymous_4)","decl":{"start":{"line":39,"column":28},"end":{"line":39,"column":29}},"loc":{"start":{"line":39,"column":37},"end":{"line":45,"column":19}},"line":39}},"branchMap":{},"s":{"0":3,"1":3,"2":4,"3":4,"4":4,"5":4,"6":2,"7":2,"8":16,"9":1,"10":1,"11":3},"f":{"0":3,"1":4,"2":2,"3":16,"4":1},"b":{},"_coverageSchema":"1a1c01bbd47fc00a2c39e90264f33305004495a9","hash":"9727b74f1fbe9b0e90c046084c29b27d82997749"}
,"C:\\Users\\admin\\Desktop\\academy\\Melody\\1097563-guess-melody-4\\src\\components\\welcome-screen\\welcome-screen.jsx": {"path":"C:\\Users\\admin\\Desktop\\academy\\Melody\\1097563-guess-melody-4\\src\\components\\welcome-screen\\welcome-screen.jsx","statementMap":{"0":{"start":{"line":4,"column":22},"end":{"line":25,"column":1}},"1":{"start":{"line":5,"column":46},"end":{"line":5,"column":51}},"2":{"start":{"line":7,"column":2},"end":{"line":24,"column":13}},"3":{"start":{"line":27,"column":0},"end":{"line":30,"column":2}}},"fnMap":{"0":{"name":"(anonymous_0)","decl":{"start":{"line":4,"column":22},"end":{"line":4,"column":23}},"loc":{"start":{"line":4,"column":33},"end":{"line":25,"column":1}},"line":4}},"branchMap":{},"s":{"0":3,"1":3,"2":3,"3":3},"f":{"0":3},"b":{},"_coverageSchema":"1a1c01bbd47fc00a2c39e90264f33305004495a9","hash":"ecfd2ff7415409fa00712f822f5ec3314c76cdf5"}
,"C:\\Users\\admin\\Desktop\\academy\\Melody\\1097563-guess-melody-4\\src\\hocs\\with-audio-player\\with-audio-player.js": {"path":"C:\\Users\\admin\\Desktop\\academy\\Melody\\1097563-guess-melody-4\\src\\hocs\\with-audio-player\\with-audio-player.js","statementMap":{"0":{"start":{"line":4,"column":25},"end":{"line":37,"column":1}},"1":{"start":{"line":7,"column":6},"end":{"line":7,"column":19}},"2":{"start":{"line":9,"column":6},"end":{"line":11,"column":8}},"3":{"start":{"line":15,"column":31},"end":{"line":15,"column":41}},"4":{"start":{"line":17,"column":6},"end":{"line":30,"column":9}},"5":{"start":{"line":20,"column":10},"end":{"line":28,"column":12}},"6":{"start":{"line":24,"column":39},"end":{"line":26,"column":16}},"7":{"start":{"line":34,"column":2},"end":{"line":34,"column":34}},"8":{"start":{"line":36,"column":2},"end":{"line":36,"column":26}}},"fnMap":{"0":{"name":"(anonymous_0)","decl":{"start":{"line":4,"column":25},"end":{"line":4,"column":26}},"loc":{"start":{"line":4,"column":40},"end":{"line":37,"column":1}},"line":4},"1":{"name":"(anonymous_1)","decl":{"start":{"line":6,"column":4},"end":{"line":6,"column":5}},"loc":{"start":{"line":6,"column":23},"end":{"line":12,"column":5}},"line":6},"2":{"name":"(anonymous_2)","decl":{"start":{"line":14,"column":4},"end":{"line":14,"column":5}},"loc":{"start":{"line":14,"column":13},"end":{"line":31,"column":5}},"line":14},"3":{"name":"(anonymous_3)","decl":{"start":{"line":19,"column":22},"end":{"line":19,"column":23}},"loc":{"start":{"line":19,"column":35},"end":{"line":29,"column":9}},"line":19},"4":{"name":"(anonymous_4)","decl":{"start":{"line":24,"column":33},"end":{"line":24,"column":34}},"loc":{"start":{"line":24,"column":39},"end":{"line":26,"column":16}},"line":24}},"branchMap":{"0":{"loc":{"start":{"line":25,"column":32},"end":{"line":25,"column":63}},"type":"cond-expr","locations":[{"start":{"line":25,"column":56},"end":{"line":25,"column":58}},{"start":{"line":25,"column":61},"end":{"line":25,"column":63}}],"line":25}},"s":{"0":1,"1":0,"2":0,"3":0,"4":0,"5":0,"6":0,"7":2,"8":2},"f":{"0":2,"1":0,"2":0,"3":0,"4":0},"b":{"0":[0,0]},"_coverageSchema":"1a1c01bbd47fc00a2c39e90264f33305004495a9","hash":"cd4315286ac2077038062a886b050cb064767e4c"}
}
