TN:
SF:src\const.js
FNF:0
FNH:0
DA:1,6
LF:1
LH:1
BRF:0
BRH:0
end_of_record
TN:
SF:src\components\app\app.jsx
FN:15,(anonymous_0)
FN:23,(anonymous_1)
FN:32,(anonymous_2)
FN:50,(anonymous_3)
FN:51,(anonymous_4)
FN:66,(anonymous_5)
FN:67,(anonymous_6)
FN:80,(anonymous_7)
FN:92,(anonymous_8)
FN:98,(anonymous_9)
FNF:10
FNH:3
FNDA:1,(anonymous_0)
FNDA:1,(anonymous_1)
FNDA:0,(anonymous_2)
FNDA:0,(anonymous_3)
FNDA:0,(anonymous_4)
FNDA:0,(anonymous_5)
FNDA:0,(anonymous_6)
FNDA:1,(anonymous_7)
FNDA:0,(anonymous_8)
FNDA:0,(anonymous_9)
DA:11,1
DA:12,1
DA:16,1
DA:18,1
DA:24,1
DA:25,1
DA:26,1
DA:28,1
DA:29,1
DA:33,0
DA:41,0
DA:42,0
DA:44,0
DA:51,0
DA:60,0
DA:67,0
DA:77,0
DA:81,1
DA:83,1
DA:107,1
LF:20
LH:12
BRDA:28,0,0,1
BRDA:28,0,1,0
BRDA:28,1,0,1
BRDA:28,1,1,0
BRDA:41,2,0,0
BRDA:41,2,1,0
BRDA:42,3,0,0
BRDA:42,3,1,0
BRF:8
BRH:2
end_of_record
TN:
SF:src\components\artist-question-screen\artist-question-screen.jsx
FN:5,(anonymous_0)
FN:22,(anonymous_1)
FN:25,(anonymous_2)
FNF:3
FNH:3
FNDA:2,(anonymous_0)
FNDA:6,(anonymous_1)
FNDA:1,(anonymous_2)
DA:5,3
DA:6,2
DA:10,2
DA:12,2
DA:23,6
DA:26,1
DA:27,1
DA:42,3
LF:8
LH:8
BRF:0
BRH:0
end_of_record
TN:
SF:src\components\audio-player\audio-player.jsx
FN:5,(anonymous_0)
FN:17,(anonymous_1)
FN:23,(anonymous_2)
FN:29,(anonymous_3)
FN:35,(anonymous_4)
FN:41,(anonymous_5)
FN:48,(anonymous_6)
FN:58,(anonymous_7)
FN:68,(anonymous_8)
FN:82,(anonymous_9)
FNF:10
FNH:3
FNDA:1,(anonymous_0)
FNDA:1,(anonymous_1)
FNDA:0,(anonymous_2)
FNDA:0,(anonymous_3)
FNDA:0,(anonymous_4)
FNDA:0,(anonymous_5)
FNDA:0,(anonymous_6)
FNDA:1,(anonymous_7)
FNDA:0,(anonymous_8)
FNDA:0,(anonymous_9)
DA:6,1
DA:8,1
DA:10,1
DA:18,1
DA:19,1
DA:21,1
DA:23,1
DA:24,0
DA:29,1
DA:30,0
DA:35,1
DA:36,0
DA:41,1
DA:42,0
DA:49,0
DA:51,0
DA:52,0
DA:53,0
DA:54,0
DA:55,0
DA:59,1
DA:60,1
DA:62,1
DA:69,0
DA:70,0
DA:83,0
DA:85,0
DA:86,0
DA:88,0
DA:93,2
LF:30
LH:14
BRDA:65,0,0,0
BRDA:65,0,1,1
BRDA:85,1,0,0
BRDA:85,1,1,0
BRF:4
BRH:1
end_of_record
TN:
SF:src\components\game-screen\game-screen.jsx
FN:5,(anonymous_0)
FNF:1
FNH:1
FNDA:2,(anonymous_0)
DA:5,2
DA:9,2
DA:11,2
DA:36,2
LF:4
LH:4
BRF:0
BRH:0
end_of_record
TN:
SF:src\components\genre-question-screen\genre-question-screen.jsx
FN:6,(anonymous_0)
FN:14,(anonymous_1)
FN:27,(anonymous_2)
FN:32,(anonymous_3)
FN:39,(anonymous_4)
FNF:5
FNH:5
FNDA:3,(anonymous_0)
FNDA:4,(anonymous_1)
FNDA:2,(anonymous_2)
FNDA:16,(anonymous_3)
FNDA:1,(anonymous_4)
DA:7,3
DA:9,3
DA:15,4
DA:16,4
DA:20,4
DA:22,4
DA:28,2
DA:29,2
DA:33,16
DA:40,1
DA:42,1
DA:59,3
LF:12
LH:12
BRF:0
BRH:0
end_of_record
TN:
SF:src\components\welcome-screen\welcome-screen.jsx
FN:4,(anonymous_0)
FNF:1
FNH:1
FNDA:3,(anonymous_0)
DA:4,3
DA:5,3
DA:7,3
DA:27,3
LF:4
LH:4
BRF:0
BRH:0
end_of_record
TN:
SF:src\hocs\with-audio-player\with-audio-player.js
FN:4,(anonymous_0)
FN:6,(anonymous_1)
FN:14,(anonymous_2)
FN:19,(anonymous_3)
FN:24,(anonymous_4)
FNF:5
FNH:1
FNDA:2,(anonymous_0)
FNDA:0,(anonymous_1)
FNDA:0,(anonymous_2)
FNDA:0,(anonymous_3)
FNDA:0,(anonymous_4)
DA:4,1
DA:7,0
DA:9,0
DA:15,0
DA:17,0
DA:20,0
DA:24,0
DA:34,2
DA:36,2
LF:9
LH:3
BRDA:25,0,0,0
BRDA:25,0,1,0
BRF:2
BRH:0
end_of_record
